2025-07-13T19:50:32+00:00 INFO Automatic database update triggered.
2025-07-13T19:50:32+00:00 INFO Scheduling database updates (from 4.7.4 to 9.9.5)...
2025-07-13T19:50:32+00:00 INFO   Updates from version 5.0.0 scheduled.
2025-07-13T19:50:32+00:00 INFO   Updates from version 5.6.0 scheduled.
2025-07-13T19:50:32+00:00 INFO   Updates from version 6.0.0 scheduled.
2025-07-13T19:50:32+00:00 INFO   Updates from version 6.3.0 scheduled.
2025-07-13T19:50:32+00:00 INFO   Updates from version 6.4.0 scheduled.
2025-07-13T19:50:32+00:00 INFO   Updates from version 6.5.0 scheduled.
2025-07-13T19:50:32+00:00 INFO   Updates from version 6.5.1 scheduled.
2025-07-13T19:50:32+00:00 INFO   Updates from version 6.7.0 scheduled.
2025-07-13T19:50:32+00:00 INFO   Updates from version 7.0.0 scheduled.
2025-07-13T19:50:32+00:00 INFO   Updates from version 7.2.1 scheduled.
2025-07-13T19:50:32+00:00 INFO   Updates from version 7.2.2 scheduled.
2025-07-13T19:50:32+00:00 INFO   Updates from version 7.5.0 scheduled.
2025-07-13T19:50:32+00:00 INFO   Updates from version 7.7.0 scheduled.
2025-07-13T19:50:32+00:00 INFO   Updates from version 7.9.0 scheduled.
2025-07-13T19:50:32+00:00 INFO   Updates from version 8.1.0 scheduled.
2025-07-13T19:50:32+00:00 INFO   Updates from version 8.3.0 scheduled.
2025-07-13T19:50:32+00:00 INFO   Updates from version 8.6.0 scheduled.
2025-07-13T19:50:32+00:00 INFO   Updates from version 8.7.0 scheduled.
2025-07-13T19:50:32+00:00 INFO   Updates from version 8.9.0 scheduled.
2025-07-13T19:50:32+00:00 INFO   Updates from version 8.9.1 scheduled.
2025-07-13T19:50:32+00:00 INFO   Updates from version 9.1.0 scheduled.
2025-07-13T19:50:32+00:00 INFO   Updates from version 9.2.0 scheduled.
2025-07-13T19:50:32+00:00 INFO   Updates from version 9.3.0 scheduled.
2025-07-13T19:50:32+00:00 INFO   Updates from version 9.4.0 scheduled.
2025-07-13T19:50:32+00:00 INFO   Updates from version 9.5.0 scheduled.
2025-07-13T19:50:32+00:00 INFO   Updates from version 9.6.1 scheduled.
2025-07-13T19:50:32+00:00 INFO   Updates from version 9.8.0 scheduled.
2025-07-13T19:50:32+00:00 INFO   Updates from version 9.8.5 scheduled.
2025-07-13T19:50:32+00:00 INFO   Updates from version 9.9.0 scheduled.
2025-07-13T19:50:32+00:00 INFO Database updates scheduled.
2025-07-13T19:51:14+00:00 INFO During the update to 9.1.0, WooCommerce removed 1 user meta row associated with the meta keys "_last_order", "_order_count" or "_money_spent".
2025-07-13T19:51:20+00:00 INFO During the update to 9.4.0, WooCommerce removed 0 user meta rows associated with the meta key "woocommerce_admin_help_panel_highlight_shown".
